-------------------------------------------------------------------------------
Test set: com.dvt.sevicesTest.BusServiceTest
-------------------------------------------------------------------------------
Tests run: 5, Failures: 1, Errors: 0, Skipped: 0, Time elapsed: 0.19 s <<< FAILURE! - in com.dvt.sevicesTest.BusServiceTest
testGetNameUnique  Time elapsed: 0.003 s  <<< FAILURE!
org.opentest4j.AssertionFailedError: expected: <4> but was: <1>
	at com.dvt.oubus/com.dvt.sevicesTest.BusServiceTest.testGetNameUnique(BusServiceTest.java:78)

