<?xml version="1.0" encoding="UTF-8"?>
<testsuite xmlns:xsi="http://www.w3.org/2001/XMLSchema-instance" xsi:noNamespaceSchemaLocation="https://maven.apache.org/surefire/maven-surefire-plugin/xsd/surefire-test-report.xsd" name="com.dvt.sevices.PassengerServiceTest" time="0.799" tests="1" errors="0" skipped="0" failures="1">
  <properties>
[...]
</properties>
  <testcase name="testGetPassengerById" classname="com.dvt.sevices.PassengerServiceTest" time="0.108">
    <failure message="expected: &lt;1&gt; but was: &lt;2&gt;" type="org.opentest4j.AssertionFailedError"><![CDATA[org.opentest4j.AssertionFailedError: expected: <1> but was: <2>
	at com.dvt.oubus/com.dvt.sevices.PassengerServiceTest.testGetPassengerById(PassengerServiceTest.java:80)
]]></failure>
    <system-out><![CDATA[1
dvt12209@gmail.com
]]></system-out>
  </testcase>
</testsuite>